[debug] [2025-06-04T21:17:26.891Z] ----------------------------------------------------------------------
[debug] [2025-06-04T21:17:26.893Z] Command:       /opt/homebrew/Cellar/node@18/18.20.8/bin/node /opt/homebrew/bin/firebase init hosting
[debug] [2025-06-04T21:17:26.893Z] CLI Version:   13.35.1
[debug] [2025-06-04T21:17:26.893Z] Platform:      darwin
[debug] [2025-06-04T21:17:26.893Z] Node Version:  v18.20.8
[debug] [2025-06-04T21:17:26.897Z] Time:          Thu Jun 05 2025 02:47:26 GMT+0530 (India Standard Time)
[debug] [2025-06-04T21:17:26.897Z] ----------------------------------------------------------------------
[debug] 
[debug] [2025-06-04T21:17:26.900Z] > command requires scopes: ["email","openid","https://www.googleapis.com/auth/cloudplatformprojects.readonly","https://www.googleapis.com/auth/firebase","https://www.googleapis.com/auth/cloud-platform"]
[debug] [2025-06-04T21:17:26.901Z] > authorizing via signed-in user (cskv1819@gmail.com)
[info] 
     ######## #### ########  ######## ########     ###     ######  ########
     ##        ##  ##     ## ##       ##     ##  ##   ##  ##       ##
     ######    ##  ########  ######   ########  #########  ######  ######
     ##        ##  ##    ##  ##       ##     ## ##     ##       ## ##
     ##       #### ##     ## ######## ########  ##     ##  ######  ########

You're about to initialize a Firebase project in this directory:

  /Users/tejasaivardhan/Downloads/AI coding/portfolio

[info] 
=== Project Setup
[info] 
[info] First, let's associate this project directory with a Firebase project.
[info] You can create multiple project aliases by running firebase use --add, 
[info] but for now we'll just set up a default project.
[info] 
[info] i  If you want to create a project in a Google Cloud organization or folder, please use "firebase projects:create" instead, and return to this command when you've created the project. 
[debug] [2025-06-04T21:18:09.621Z] Checked if tokens are valid: true, expires at: 1749075443660
[debug] [2025-06-04T21:18:09.622Z] Checked if tokens are valid: true, expires at: 1749075443660
[debug] [2025-06-04T21:18:09.626Z] >>> [apiv2][query] POST https://cloudresourcemanager.googleapis.com/v1/projects [none]
[debug] [2025-06-04T21:18:09.626Z] >>> [apiv2][body] POST https://cloudresourcemanager.googleapis.com/v1/projects {"projectId":"airesume","name":"botbot07"}
[debug] [2025-06-04T21:18:11.180Z] <<< [apiv2][status] POST https://cloudresourcemanager.googleapis.com/v1/projects 409
[debug] [2025-06-04T21:18:11.181Z] <<< [apiv2][body] POST https://cloudresourcemanager.googleapis.com/v1/projects {"error":{"code":409,"message":"Requested entity already exists","status":"ALREADY_EXISTS"}}
[debug] [2025-06-04T21:18:11.306Z] FirebaseError: Request to https://cloudresourcemanager.googleapis.com/v1/projects had HTTP Error: 409, Requested entity already exists
    at responseToError (/opt/homebrew/lib/node_modules/firebase-tools/lib/responseToError.js:52:12)
    at RetryOperation._fn (/opt/homebrew/lib/node_modules/firebase-tools/lib/apiv2.js:312:77)
    at process.processTicksAndRejections (node:internal/process/task_queues:95:5)
[error] 
[error] Error: Failed to create project because there is already a project with ID airesume. Please try again with a unique project ID.
[debug] [2025-06-04T21:18:30.252Z] ----------------------------------------------------------------------
[debug] [2025-06-04T21:18:30.253Z] Command:       /opt/homebrew/Cellar/node@18/18.20.8/bin/node /opt/homebrew/bin/firebase login
[debug] [2025-06-04T21:18:30.253Z] CLI Version:   13.35.1
[debug] [2025-06-04T21:18:30.253Z] Platform:      darwin
[debug] [2025-06-04T21:18:30.253Z] Node Version:  v18.20.8
[debug] [2025-06-04T21:18:30.256Z] Time:          Thu Jun 05 2025 02:48:30 GMT+0530 (India Standard Time)
[debug] [2025-06-04T21:18:30.256Z] ----------------------------------------------------------------------
[debug] 
[info] Already logged in as cskv1819@gmail.com
